<?xml version="1.0" encoding="UTF-8"?>
<robot generator="Robot 6.0.2 (Python 3.11.1 on win32)" generated="20230129 07:51:11.674" rpa="false" schemaversion="3">
<suite id="s1" name="App" source="c:\Users\dnisa\OneDrive\Área de Trabalho\Projects\robotFramework\WebTesting2\app.robot">
<test id="s1-t1" name="Test case 2" line="12">
<kw name="abrir navegador" library="keywords" type="SETUP">
<kw name="Open Browser" library="SeleniumLibrary">
<arg>browser=chrome</arg>
<doc>Opens a new browser instance to the optional ``url``.</doc>
<msg timestamp="20230129 07:51:11.823" level="INFO">Opening browser 'chrome' to base url 'None'.</msg>
<status status="PASS" starttime="20230129 07:51:11.823" endtime="20230129 07:51:12.808"/>
</kw>
<status status="PASS" starttime="20230129 07:51:11.822" endtime="20230129 07:51:12.808"/>
</kw>
<kw name="Access Login Tab" library="keywords">
<kw name="Go To" library="SeleniumLibrary">
<arg>${urlLogin}</arg>
<doc>Navigates the current browser window to the provided ``url``.</doc>
<msg timestamp="20230129 07:51:12.809" level="INFO">Opening url 'https://my.playchallenger.com/login'</msg>
<status status="PASS" starttime="20230129 07:51:12.809" endtime="20230129 07:51:16.473"/>
</kw>
<status status="PASS" starttime="20230129 07:51:12.808" endtime="20230129 07:51:16.473"/>
</kw>
<kw name="Check and Aceept Cookies" library="keywords">
<kw name="Wait Until Element Is Enabled" library="SeleniumLibrary">
<arg>${buttomCookies}</arg>
<doc>Waits until the element ``locator`` is enabled.</doc>
<status status="PASS" starttime="20230129 07:51:16.475" endtime="20230129 07:51:16.524"/>
</kw>
<kw name="Click Button" library="SeleniumLibrary">
<arg>${buttomCookies}</arg>
<doc>Clicks the button identified by ``locator``.</doc>
<msg timestamp="20230129 07:51:16.525" level="INFO">Clicking button 'id=CybotCookiebotDialogBodyLevelButtonLevelOptinAllowAll'.</msg>
<status status="PASS" starttime="20230129 07:51:16.525" endtime="20230129 07:51:16.574"/>
</kw>
<status status="PASS" starttime="20230129 07:51:16.473" endtime="20230129 07:51:16.574"/>
</kw>
<kw name="Input Login, Password and Submit Form" library="keywords">
<kw name="Input Text" library="SeleniumLibrary">
<arg>${locatorLoginField}</arg>
<arg>${login}</arg>
<doc>Types the given ``text`` into the text field identified by ``locator``.</doc>
<msg timestamp="20230129 07:51:16.575" level="INFO">Typing text '12345' into text field 'name=email'.</msg>
<status status="PASS" starttime="20230129 07:51:16.574" endtime="20230129 07:51:16.637"/>
</kw>
<kw name="Input Password" library="SeleniumLibrary">
<arg>${locatorPasswodField}</arg>
<arg>${password}</arg>
<doc>Types the given password into the text field identified by ``locator``.</doc>
<msg timestamp="20230129 07:51:16.638" level="INFO">Typing password into text field 'name=password'.</msg>
<msg timestamp="20230129 07:51:16.663" level="INFO">Temporally setting log level to: NONE</msg>
<msg timestamp="20230129 07:51:16.701" level="INFO">Log level changed from NONE to INFO.</msg>
<status status="PASS" starttime="20230129 07:51:16.637" endtime="20230129 07:51:16.701"/>
</kw>
<kw name="Wait Until Element Is Enabled" library="SeleniumLibrary">
<arg>${locatorButtonForm}</arg>
<doc>Waits until the element ``locator`` is enabled.</doc>
<status status="PASS" starttime="20230129 07:51:16.701" endtime="20230129 07:51:16.726"/>
</kw>
<kw name="Submit Form" library="SeleniumLibrary">
<arg>${locatorButtonForm}</arg>
<doc>Submits a form identified by ``locator``.</doc>
<msg timestamp="20230129 07:51:16.726" level="INFO">Submitting form 'xpath=//form[contains(.,'Username *personUsername *Password *vpn_keyPassword *Login')]'.</msg>
<status status="PASS" starttime="20230129 07:51:16.726" endtime="20230129 07:51:16.743"/>
</kw>
<status status="PASS" starttime="20230129 07:51:16.574" endtime="20230129 07:51:16.744"/>
</kw>
<kw name="Checks the credentials error message" library="keywords">
<kw name="Wait Until Element Is Visible" library="SeleniumLibrary">
<arg>${locatorWCredencial}</arg>
<doc>Waits until the element ``locator`` is visible.</doc>
<status status="PASS" starttime="20230129 07:51:16.744" endtime="20230129 07:51:18.014"/>
</kw>
<kw name="Element Text Should Be" library="SeleniumLibrary">
<arg>${a}</arg>
<arg>${textLocatorWCredencial}</arg>
<doc>Verifies that element ``locator`` contains exact the text ``expected``.</doc>
<msg timestamp="20230129 07:51:18.015" level="INFO">Verifying element '//p[@class='MuiTypography-root jss34 MuiTypography-body1'][contains(.,'Unable to login with provided credentials.')]' contains exact text 'Unable to login with provided credentials.'.</msg>
<status status="PASS" starttime="20230129 07:51:18.015" endtime="20230129 07:51:18.031"/>
</kw>
<status status="PASS" starttime="20230129 07:51:16.744" endtime="20230129 07:51:18.031"/>
</kw>
<status status="PASS" starttime="20230129 07:51:11.822" endtime="20230129 07:51:18.031"/>
</test>
<status status="PASS" starttime="20230129 07:51:11.677" endtime="20230129 07:51:18.032"/>
</suite>
<statistics>
<total>
<stat pass="1" fail="0" skip="0">All Tests</stat>
</total>
<tag>
</tag>
<suite>
<stat pass="1" fail="0" skip="0" id="s1" name="App">App</stat>
</suite>
</statistics>
<errors>
</errors>
</robot>
